#
# A fatal error has been detected by the Java Runtime Environment:
#
#  EXCEPTION_ACCESS_VIOLATION (0xc0000005) at pc=0x00007ffd1d63b741, pid=31560, tid=12948
#
# JRE version: Java(TM) SE Runtime Environment (24.0.1+9) (build 24.0.1+9-30)
# Java VM: Java HotSpot(TM) 64-Bit Server VM (24.0.1+9-30, mixed mode, sharing, tiered, compressed oops, compressed class ptrs, g1 gc, windows-amd64)
# Problematic frame:
# C  [awt.dll+0xdb741]
#
# No core dump will be written. Minidumps are not enabled by default on client versions of Windows
#
# If you would like to submit a bug report, please visit:
#   https://bugreport.java.com/bugreport/crash.jsp
# The crash happened outside the Java Virtual Machine in native code.
# See problematic frame for where to report the bug.
#

---------------  S U M M A R Y ------------

Command Line: -javaagent:C:\Program Files\JetBrains\IntelliJ IDEA Community Edition 2025.1.1.1\lib\idea_rt.jar=52412 -Dfile.encoding=UTF-8 -Dsun.stdout.encoding=UTF-8 -Dsun.stderr.encoding=UTF-8 LandingPage

Host: Intel(R) Core(TM) i5-8265U CPU @ 1.60GHz, 8 cores, 7G,  Windows 11 , 64 bit Build 26100 (10.0.26100.3912)
Time: Thu Jun  5 18:05:34 2025 Malay Peninsula Standard Time elapsed time: 944.013516 seconds (0d 0h 15m 44s)

---------------  T H R E A D  ---------------

Current thread (0x000001db805267e0):  JavaThread "AWT-Windows" daemon [_thread_in_native, id=12948, stack(0x0000008dc7c00000,0x0000008dc7d00000) (1024K)]

Stack: [0x0000008dc7c00000,0x0000008dc7d00000],  sp=0x0000008dc7cfecf0,  free space=1019k
Native frames: (J=compiled Java code, j=interpreted, Vv=VM code, C=native code)
C  [awt.dll+0xdb741]  (no source info available)
C  [awt.dll+0x9768c]  (no source info available)
C  [awt.dll+0x97736]  (no source info available)
C  [awt.dll+0x94b06]  (no source info available)
C  [awt.dll+0xdfb2c]  (no source info available)
C  [awt.dll+0xb0b5d]  (no source info available)
C  [awt.dll+0x97c6d]  (no source info available)
C  [USER32.dll+0xe83a]  (no source info available)
C  [USER32.dll+0xe28f]  (no source info available)
C  [awt.dll+0x16273]  (no source info available)
C  [COMCTL32.dll+0x24d18]  (no source info available)
C  [COMCTL32.dll+0x24aef]  (no source info available)
C  [USER32.dll+0xe83a]  (no source info available)
C  [USER32.dll+0x2ccb2]  (no source info available)
C  [awt.dll+0xd4d8e]  (no source info available)
C  [awt.dll+0xd6b82]  (no source info available)
C  0x000001dbf2e9ce20  (no source info available)

The last pc belongs to native method entry point (kind = native) (printed below).
Java frames: (J=compiled Java code, j=interpreted, Vv=VM code)
j  sun.awt.windows.WToolkit.eventLoop()V+0 java.desktop@24.0.1
j  sun.awt.windows.WToolkit.run()V+56 java.desktop@24.0.1
j  java.lang.Thread.runWith(Ljava/lang/Object;Ljava/lang/Runnable;)V+5 java.base@24.0.1
j  java.lang.Thread.run()V+19 java.base@24.0.1
v  ~StubRoutines::call_stub 0x000001dbf2e90fcd

siginfo: EXCEPTION_ACCESS_VIOLATION (0xc0000005), reading address 0x0000000000000008


Registers:
RAX=0x0000000000000000, RBX=0x000001db809d9f20, RCX=0x0000000000000000, RDX=0x0000000000000000
RSP=0x0000008dc7cfecf0, RBP=0x0000008dc7cfedf9, RSI=0x000000003d01149f, RDI=0x0000000000000000
R8 =0x0000000000000001, R9 =0x0000008dc63d1000, R10=0x0000000000000000, R11=0x0000000000000246
R12=0x0000000000000000, R13=0x0000000000000310, R14=0x0000000000000000, R15=0x0000000000000000
RIP=0x00007ffd1d63b741, EFLAGS=0x0000000000010246

XMM[0]=0x0000000000000000 0x0000000000000000
XMM[1]=0x0000000000000000 0x0000000000000000
XMM[2]=0x0000000000000000 0x0000000000000000
XMM[3]=0x0000000000000000 0x0000000000000000
XMM[4]=0x0000000000000000 0x0000000000000000
XMM[5]=0x0000000000000000 0x0000000000000000
XMM[6]=0x0000000000000000 0x0000000000000000
XMM[7]=0x0000000000000000 0x0000000000000000
XMM[8]=0x0000000000000000 0x0000000000000000
XMM[9]=0x0000000000000000 0x0000000000000000
XMM[10]=0x0000000000000000 0x0000000000000000
XMM[11]=0x0000000000000000 0x0000000000000000
XMM[12]=0x0000000000000000 0x0000000000000000
XMM[13]=0x0000000000000000 0x0000000000000000
XMM[14]=0x0000000000000000 0x0000000000000000
XMM[15]=0x0000000000000000 0x0000000000000000
  MXCSR=0x00001fa0


Register to memory mapping:

RAX=0x0 is null
RBX=0x000001db809d9f20 points into unknown readable memory: 0x000001db80ac8de0 | e0 8d ac 80 db 01 00 00
RCX=0x0 is null
RDX=0x0 is null
RSP=0x0000008dc7cfecf0 is pointing into the stack for thread: 0x000001db805267e0
RBP=0x0000008dc7cfedf9 is pointing into the stack for thread: 0x000001db805267e0
RSI=0x000000003d01149f is an unknown value
RDI=0x0 is null
R8 =0x0000000000000001 is an unknown value
R9 =0x0000008dc63d1000 points into unknown readable memory: 0x0000000000000000 | 00 00 00 00 00 00 00 00
R10=0x0 is null
R11=0x0000000000000246 is an unknown value
R12=0x0 is null
R13=0x0000000000000310 is an unknown value
R14=0x0 is null
R15=0x0 is null

Top of Stack: (sp=0x0000008dc7cfecf0)
0x0000008dc7cfecf0:   00007ffd1d697838 000000003d01149f   8xi........=....
0x0000008dc7cfed00:   0000000000000000 0000000000000000   ................
0x0000008dc7cfed10:   0000000000000000 00007ffd1d5f768c   .........v_.....
0x0000008dc7cfed20:   000000003d01149f 000001db80a44290   ...=.....B......
0x0000008dc7cfed30:   000001db809d9f20 0000000000000000    ...............
0x0000008dc7cfed40:   0000000000000000 00007ffd1d5f7736   ........6w_.....
0x0000008dc7cfed50:   000001db80a44290 00007ffd1d560000   .B........V.....
0x0000008dc7cfed60:   0000008dc7cfee58 00007ffd45174d18   X........M.E....
0x0000008dc7cfed70:   0000000000000000 00007ffd1d5f4b06   .........K_.....
0x0000008dc7cfed80:   000001db80a44290 0000000000000000   .B..............
0x0000008dc7cfed90:   00007ffd1d5f7c10 00007ffd617f3ffe   .|_......?.a....
0x0000008dc7cfeda0:   0000000000000000 000000000000c28d   ................
0x0000008dc7cfedb0:   0000008dc7cfee50 0000000000000001   P...............
0x0000008dc7cfedc0:   0000000000000000 0000008dc7cfee58   ........X.......
0x0000008dc7cfedd0:   0000000000000000 0000000000000000   ................
0x0000008dc7cfede0:   0000000000000000 000001db80526ba8   .........kR.....
0x0000008dc7cfedf0:   000001db80a44330 0000000000000000   0C..............
0x0000008dc7cfee00:   0000000000000000 0000634d5f435468   ........hTC_Mc..
0x0000008dc7cfee10:   0000000000000000 0000000000000000   ................
0x0000008dc7cfee20:   0000000000000000 0000000000000000   ................
0x0000008dc7cfee30:   0000000000000000 0000000000000310   ................
0x0000008dc7cfee40:   0000000000000000 000001db80a44290   .........B......
0x0000008dc7cfee50:   000001db80a44290 00007ffd1d63fb2c   .B......,.c.....
0x0000008dc7cfee60:   0000000000000000 000016d26650872d   ........-.Pf....
0x0000008dc7cfee70:   00001ef70fdc0fdd 00000000004108b8   ..........A.....
0x0000008dc7cfee80:   000000000000c28d 0000000000000022   ........".......
0x0000008dc7cfee90:   0000000000000000 00007ffd606de8fb   ..........m`....
0x0000008dc7cfeea0:   0000000000000022 0000000000000001   "...............
0x0000008dc7cfeeb0:   00000000004108b8 00007ffd618688cf   ..A........a....
0x0000008dc7cfeec0:   0000000000000310 00007ffd606deeda   ..........m`....
0x0000008dc7cfeed0:   ffffffffffffffeb 0000634d5f435788   .........WC_Mc..
0x0000008dc7cfeee0:   000001dbe15a00f0 0000000000000000   ..Z.............

Instructions: (pc=0x00007ffd1d63b741)
  0x00007ffd1d63b641:   83 ec 28 66 0f 6e c2 0f 5b c0 f3 0f 59 41 48 0f
  0x00007ffd1d63b651:   5a c8 f2 0f 10 05 1d 35 03 00 f2 0f 5c 0d a5 35
  0x00007ffd1d63b661:   01 00 66 0f 2f c1 76 0a b8 00 00 00 80 48 83 c4
  0x00007ffd1d63b671:   28 c3 66 0f 2f 0d 25 7f 02 00 76 0a b8 ff ff ff
  0x00007ffd1d63b681:   7f 48 83 c4 28 c3 0f 28 c1 e8 af fb 00 00 f2 0f
  0x00007ffd1d63b691:   2c c0 48 83 c4 28 c3 cc cc cc cc cc cc cc cc 48
  0x00007ffd1d63b6a1:   83 ec 28 66 0f 6e c2 0f 5b c0 f3 0f 59 41 4c 0f
  0x00007ffd1d63b6b1:   5a c8 f2 0f 10 05 bd 34 03 00 f2 0f 5c 0d 45 35
  0x00007ffd1d63b6c1:   01 00 66 0f 2f c1 76 0a b8 00 00 00 80 48 83 c4
  0x00007ffd1d63b6d1:   28 c3 66 0f 2f 0d c5 7e 02 00 76 0a b8 ff ff ff
  0x00007ffd1d63b6e1:   7f 48 83 c4 28 c3 0f 28 c1 e8 4f fb 00 00 f2 0f
  0x00007ffd1d63b6f1:   2c c0 48 83 c4 28 c3 cc cc cc cc cc cc cc cc 48
  0x00007ffd1d63b701:   8b 49 08 48 85 c9 0f 85 93 81 fe ff 33 c0 c3 48
  0x00007ffd1d63b711:   89 5c 24 08 48 89 74 24 10 57 48 83 ec 20 8b fa
  0x00007ffd1d63b721:   48 8b f1 e8 27 c6 f4 ff 48 8b d8 48 89 44 24 40
  0x00007ffd1d63b731:   41 b8 01 00 00 00 8b d7 48 8b c8 e8 8f c5 f4 ff
=>0x00007ffd1d63b741:   48 8b 48 08 48 85 c9 74 0d 48 8b d6 e8 4e 81 fe
  0x00007ffd1d63b751:   ff 48 8b f8 eb 02 33 ff 48 8b cb e8 af c7 f4 ff
  0x00007ffd1d63b761:   90 48 8b c7 48 8b 5c 24 30 48 8b 74 24 38 48 83
  0x00007ffd1d63b771:   c4 20 5f c3 cc cc cc cc cc cc cc cc cc cc cc 48
  0x00007ffd1d63b781:   8b 01 89 10 c3 cc cc cc cc cc cc cc cc cc cc 40
  0x00007ffd1d63b791:   57 48 83 ec 40 48 83 79 38 00 48 8b f9 0f 84 96
  0x00007ffd1d63b7a1:   01 00 00 48 8b 0d 45 86 06 00 ba 02 00 01 00 48
  0x00007ffd1d63b7b1:   89 5c 24 58 48 89 74 24 68 e8 50 c5 00 00 4c 8b
  0x00007ffd1d63b7c1:   05 72 8b 06 00 48 8b c8 48 8b 57 38 48 8b d8 4c
  0x00007ffd1d63b7d1:   8b 08 41 ff 91 f8 02 00 00 48 8b f0 48 85 c0 0f
  0x00007ffd1d63b7e1:   84 4a 01 00 00 4c 8b 0b 48 8b d0 4c 8b 05 35 8b
  0x00007ffd1d63b7f1:   06 00 48 8b cb 41 ff 91 00 01 00 00 84 c0 0f 84
  0x00007ffd1d63b801:   2b 01 00 00 48 8b 7f 08 48 8b d6 48 8b 03 48 8b
  0x00007ffd1d63b811:   cb 4c 8b 05 27 8b 06 00 48 81 c7 00 04 00 00 48
  0x00007ffd1d63b821:   89 6c 24 60 4c 89 64 24 38 ff 90 f8 02 00 00 4c
  0x00007ffd1d63b831:   8b 0b 48 8b d6 4c 8b 05 0b 8b 06 00 48 8b cb 4c


Stack slot to memory mapping:

stack at sp + 0 slots: 0x00007ffd1d697838 awt.dll
stack at sp + 1 slots: 0x000000003d01149f is an unknown value
stack at sp + 2 slots: 0x0 is null
stack at sp + 3 slots: 0x0 is null
stack at sp + 4 slots: 0x0 is null
stack at sp + 5 slots: 0x00007ffd1d5f768c awt.dll
stack at sp + 6 slots: 0x000000003d01149f is an unknown value
stack at sp + 7 slots: 0x000001db80a44290 points into unknown readable memory: 0x00007ffd1d66a860 | 60 a8 66 1d fd 7f 00 00

Lock stack of current Java thread (top to bottom):

native method entry point (kind = native)  [0x000001dbf2e9ca40, 0x000001dbf2e9d478]  2616 bytes
[MachCode]
  0x000001dbf2e9ca40: 488b 4b08 | 0fb7 492e | 584c 8d74 | ccf8 6800 | 0000 0068 | 0000 0000 | 5055 488b | ec41 5568 
  0x000001dbf2e9ca60: 0000 0000 | 4c8b 6b08 | 4d8d 6d38 | 5348 8b53 | 0848 8b52 | 0848 8b52 | 1848 8b52 | 7048 8b12 
  0x000001dbf2e9ca80: 5248 8b53 | 1048 85d2 | 0f84 0700 | 0000 4881 | c208 0100 | 0052 488b | 5308 488b | 5208 488b 
  0x000001dbf2e9caa0: 5210 5249 | 8bc6 482b | c548 c1e8 | 0350 6800 | 0000 0068 | f7ff ffff | 41c6 8771 | 0400 0001 
  0x000001dbf2e9cac0: 488b 4310 | 4885 c074 | 208b 88cc | 0000 0083 | c102 8988 | cc00 0000 | 2388 e000 | 0000 0f84 
  0x000001dbf2e9cae0: e408 0000 | e9cd 0000 | 0048 8b43 | 1848 85c0 | 0f85 b000 | 0000 e805 | 0000 00e9 | 9900 0000 
  0x000001dbf2e9cb00: 488b d348 | 8d44 2408 | 4c89 6dc0 | 498b cfc5 | f877 4989 | afb8 0300 | 0049 8987 | a803 0000 
  0x000001dbf2e9cb20: 4883 ec20 | 40f6 c40f | 0f84 1900 | 0000 4883 | ec08 48b8 | 6030 fe18 | fd7f 0000 | ffd0 4883 
  0x000001dbf2e9cb40: c408 e90c | 0000 0048 | b860 30fe | 18fd 7f00 | 00ff d048 | 83c4 2049 | c787 a803 | 0000 0000 
  0x000001dbf2e9cb60: 0000 49c7 | 87b8 0300 | 0000 0000 | 0049 c787 | b003 0000 | 0000 0000 | c5f8 7749 | 837f 0800 
  0x000001dbf2e9cb80: 0f84 0500 | 0000 e935 | 43ff ff4c | 8b6d c04c | 8b75 c84e | 8d74 f500 | c348 8b43 | 1848 85c0 
  0x000001dbf2e9cba0: 0f84 1000 | 0000 8b08 | 83c1 0289 | 0823 4814 | 0f84 1208 | 0000 493b | a7f0 0400 | 000f 8748 
  0x000001dbf2e9cbc0: 0000 0089 | 8424 00f0 | ffff 8984 | 2400 e0ff | ff89 8424 | 00d0 ffff | 8984 2400 | c0ff ff89 
  0x000001dbf2e9cbe0: 8424 00b0 | ffff 8984 | 2400 a0ff | ff89 8424 | 0090 ffff | 8984 2400 | 80ff ff49 | 3ba7 e804 
  0x000001dbf2e9cc00: 0000 7607 | 4989 a7f0 | 0400 0041 | c687 7104 | 0000 0048 | 8b5d e84c | 8b5b 0845 | 0fb7 5b2e 
  0x000001dbf2e9cc20: 41c1 e303 | 492b e348 | 83ec 2048 | 83e4 f04c | 8b5b 604d | 85db 0f85 | ab00 0000 | e805 0000 
  0x000001dbf2e9cc40: 00e9 9900 | 0000 488b | d348 8d44 | 2408 4c89 | 6dc0 498b | cfc5 f877 | 4989 afb8 | 0300 0049 
  0x000001dbf2e9cc60: 8987 a803 | 0000 4883 | ec20 40f6 | c40f 0f84 | 1900 0000 | 4883 ec08 | 48b8 a05a | fe18 fd7f 
  0x000001dbf2e9cc80: 0000 ffd0 | 4883 c408 | e90c 0000 | 0048 b8a0 | 5afe 18fd | 7f00 00ff | d048 83c4 | 2049 c787 
  0x000001dbf2e9cca0: a803 0000 | 0000 0000 | 49c7 87b8 | 0300 0000 | 0000 0049 | c787 b003 | 0000 0000 | 0000 c5f8 
  0x000001dbf2e9ccc0: 7749 837f | 0800 0f84 | 0500 0000 | e9ef 41ff | ff4c 8b6d | c04c 8b75 | c84e 8d74 | f500 c348 
  0x000001dbf2e9cce0: 8b5d e84c | 8b5b 6041 | ffd3 488b | 5de8 4889 | 4518 448b | 5b28 41f6 | c308 0f84 | 1b00 0000 
  0x000001dbf2e9cd00: 4c8b 5b08 | 4d8b 5b08 | 4d8b 5b18 | 4d8b 5b70 | 4d8b 1b4c | 895d 1048 | 8d55 1048 | 8b43 5849 
  0x000001dbf2e9cd20: ba40 7037 | 19fd 7f00 | 0049 3bc2 | 0f85 ab00 | 0000 e805 | 0000 00e9 | 9900 0000 | 488b d348 
  0x000001dbf2e9cd40: 8d44 2408 | 4c89 6dc0 | 498b cfc5 | f877 4989 | afb8 0300 | 0049 8987 | a803 0000 | 4883 ec20 
  0x000001dbf2e9cd60: 40f6 c40f | 0f84 1900 | 0000 4883 | ec08 48b8 | a05a fe18 | fd7f 0000 | ffd0 4883 | c408 e90c 
  0x000001dbf2e9cd80: 0000 0048 | b8a0 5afe | 18fd 7f00 | 00ff d048 | 83c4 2049 | c787 a803 | 0000 0000 | 0000 49c7 
  0x000001dbf2e9cda0: 87b8 0300 | 0000 0000 | 0049 c787 | b003 0000 | 0000 0000 | c5f8 7749 | 837f 0800 | 0f84 0500 
  0x000001dbf2e9cdc0: 0000 e9f9 | 40ff ff4c | 8b6d c04c | 8b75 c84e | 8d74 f500 | c348 8b5d | e848 8b43 | 5849 8d8f 
  0x000001dbf2e9cde0: c803 0000 | 4c8d 15d5 | 0000 004d | 8997 b003 | 0000 c5f8 | 7749 89af | b803 0000 | 4989 a7a8 
  0x000001dbf2e9ce00: 0300 0041 | c787 5404 | 0000 0400 | 0000 493b | a748 0500 | 0076 0749 | 89a7 4805 | 0000 ffd0 
  0x000001dbf2e9ce20: 493b a748 | 0500 0072 | 0b49 c787 | 4805 0000 | 0000 0000 | c5f8 7748 | 83ec 10c5 | fb11 0424 
  0x000001dbf2e9ce40: 4883 ec10 | 4889 0424 | 48c7 4424 | 0800 0000 | 0041 c787 | 5404 0000 | 0500 0000 | f083 4424 
  0x000001dbf2e9ce60: c000 493b | 6f28 0f87 | 0e00 0000 | 4183 bf50 | 0400 0000 | 0f84 2000 | 0000 498b | cf4c 8be4 
  0x000001dbf2e9ce80: 4883 ec20 | 4883 e4f0 | 48b8 d0b9 | ff18 fd7f | 0000 ffd0 | 498b e44d | 33e4 41c7 | 8754 0400 
  0x000001dbf2e9cea0: 0008 0000 | 004d 8b97 | 7005 0000 | 4983 fa00 | 7435 49c7 | 8770 0500 | 0000 0000 | 0041 ffe2 
  0x000001dbf2e9cec0: 49ba 00bb | e9f2 db01 | 0000 41ff | d248 83ec | 10c5 fb11 | 0424 4883 | ec10 4889 | 0424 48c7 
  0x000001dbf2e9cee0: 4424 0800 | 0000 0049 | c787 a803 | 0000 0000 | 0000 49c7 | 87b8 0300 | 0000 0000 | 0049 c787 
  0x000001dbf2e9cf00: b003 0000 | 0000 0000 | c5f8 774d | 8b9f 3804 | 0000 41c7 | 8300 0100 | 0000 0000 | 0049 bb3a 
  0x000001dbf2e9cf20: a4e9 f2db | 0100 004c | 3b5d 180f | 8555 0100 | 0048 8b04 | 2448 83c4 | 1048 85c0 | 0f84 2f01 
  0x000001dbf2e9cf40: 0000 a803 | 0f85 0800 | 0000 488b | 00e9 1f01 | 0000 a801 | 0f85 0900 | 0000 488b | 40fe e90e 
  0x000001dbf2e9cf60: 0100 0048 | 8b40 ff41 | 807f 4800 | 0f84 ff00 | 0000 4883 | f800 0f84 | f500 0000 | 4d8b 5f38 
  0x000001dbf2e9cf80: 4d85 db0f | 8414 0000 | 0049 83eb | 084d 895f | 384d 035f | 4049 8903 | e9d4 0000 | 0048 83ec 
  0x000001dbf2e9cfa0: 7048 8904 | 2448 894c | 2408 4889 | 5424 104c | 8944 2418 | 4c89 4c24 | 204c 8954 | 2428 4c89 
  0x000001dbf2e9cfc0: 5c24 30c5 | fb11 4424 | 40c5 fb11 | 4c24 48c5 | fb11 5424 | 50c5 fb11 | 5c24 58c5 | fb11 6424 
  0x000001dbf2e9cfe0: 60c5 fb11 | 6c24 6849 | 8bd7 488b | c848 83ec | 2040 f6c4 | 0f0f 8419 | 0000 0048 | 83ec 0848 
  0x000001dbf2e9d000: b890 49f2 | 18fd 7f00 | 00ff d048 | 83c4 08e9 | 0c00 0000 | 48b8 9049 | f218 fd7f | 0000 ffd0 
  0x000001dbf2e9d020: 4883 c420 | c5fb 106c | 2468 c5fb | 1064 2460 | c5fb 105c | 2458 c5fb | 1054 2450 | c5fb 104c 
  0x000001dbf2e9d040: 2448 c5fb | 1044 2440 | 4c8b 5c24 | 304c 8b54 | 2428 4c8b | 4c24 204c | 8b44 2418 | 488b 5424 
  0x000001dbf2e9d060: 1048 8b4c | 2408 488b | 0424 4883 | c470 c5f8 | 7748 8945 | 1048 83ec | 1048 8904 | 2448 c744 
  0x000001dbf2e9d080: 2408 0000 | 0000 4183 | bfd0 0400 | 0002 0f85 | bf00 0000 | 4881 ec80 | 0000 0048 | 8944 2478 
  0x000001dbf2e9d0a0: 4889 4c24 | 7048 8954 | 2468 4889 | 5c24 6048 | 896c 2450 | 4889 7424 | 4848 897c | 2440 4c89 
  0x000001dbf2e9d0c0: 4424 384c | 894c 2430 | 4c89 5424 | 284c 895c | 2420 4c89 | 6424 184c | 896c 2410 | 4c89 7424 
  0x000001dbf2e9d0e0: 084c 893c | 244c 8be4 | 4883 ec20 | 4883 e4f0 | 48b8 d056 | 3719 fd7f | 0000 ffd0 | 498b e44c 
  0x000001dbf2e9d100: 8b3c 244c | 8b74 2408 | 4c8b 6c24 | 104c 8b64 | 2418 4c8b | 5c24 204c | 8b54 2428 | 4c8b 4c24 
  0x000001dbf2e9d120: 304c 8b44 | 2438 488b | 7c24 4048 | 8b74 2448 | 488b 6c24 | 5048 8b5c | 2460 488b | 5424 6848 
  0x000001dbf2e9d140: 8b4c 2470 | 488b 4424 | 7848 81c4 | 8000 0000 | 4d33 e448 | 8b5d e84c | 8b6b 084d | 8d6d 3849 
  0x000001dbf2e9d160: 837f 0800 | 0f84 bb00 | 0000 e805 | 0000 00e9 | 9600 0000 | 488d 4424 | 084c 896d | c049 8bcf 
  0x000001dbf2e9d180: c5f8 7749 | 89af b803 | 0000 4989 | 87a8 0300 | 0048 83ec | 2040 f6c4 | 0f0f 8419 | 0000 0048 
  0x000001dbf2e9d1a0: 83ec 0848 | b840 79fe | 18fd 7f00 | 00ff d048 | 83c4 08e9 | 0c00 0000 | 48b8 4079 | fe18 fd7f 
  0x000001dbf2e9d1c0: 0000 ffd0 | 4883 c420 | 49c7 87a8 | 0300 0000 | 0000 0049 | c787 b803 | 0000 0000 | 0000 49c7 
  0x000001dbf2e9d1e0: 87b0 0300 | 0000 0000 | 00c5 f877 | 4983 7f08 | 000f 8405 | 0000 00e9 | c43c ffff | 4c8b 6dc0 
  0x000001dbf2e9d200: 4c8b 75c8 | 4e8d 74f5 | 00c3 48b9 | 08ec 5d19 | fd7f 0000 | 4883 e4f0 | 48b8 30a8 | 2419 fd7f 
  0x000001dbf2e9d220: 0000 ffd0 | f444 8b5b | 2841 f6c3 | 200f 8472 | 0100 0048 | 8d55 a84c | 8b5a 084d | 85db 0f85 
  0x000001dbf2e9d240: bb00 0000 | e805 0000 | 00e9 9600 | 0000 488d | 4424 084c | 896d c049 | 8bcf c5f8 | 7749 89af 
  0x000001dbf2e9d260: b803 0000 | 4989 87a8 | 0300 0048 | 83ec 2040 | f6c4 0f0f | 8419 0000 | 0048 83ec | 0848 b870 
  0x000001dbf2e9d280: 78fe 18fd | 7f00 00ff | d048 83c4 | 08e9 0c00 | 0000 48b8 | 7078 fe18 | fd7f 0000 | ffd0 4883 
  0x000001dbf2e9d2a0: c420 49c7 | 87a8 0300 | 0000 0000 | 0049 c787 | b803 0000 | 0000 0000 | 49c7 87b0 | 0300 0000 
  0x000001dbf2e9d2c0: 0000 00c5 | f877 4983 | 7f08 000f | 8405 0000 | 00e9 ea3b | ffff 4c8b | 6dc0 4c8b | 75c8 4e8d 
  0x000001dbf2e9d2e0: 74f5 00c3 | 48b9 08ec | 5d19 fd7f | 0000 4883 | e4f0 48b8 | 30a8 2419 | fd7f 0000 | ffd0 f44c 
  0x000001dbf2e9d300: 896d c04c | 8b4a 0848 | c742 0800 | 0000 0045 | 8b87 5806 | 0000 4f3b | 4c07 f80f | 8542 0000 
  0x000001dbf2e9d320: 0041 83af | 5806 0000 | 084f 3b4c | 07f0 0f84 | 2a00 0000 | 498b 01a8 | 020f 8512 | 0000 004c 
  0x000001dbf2e9d340: 8bc0 4983 | c801 f04d | 0fb1 010f | 840d 0000 | 0041 8387 | 5806 0000 | 08e9 0500 | 0000 e93e 
  0x000001dbf2e9d360: 0000 004c | 894a 0848 | 8bca 4883 | ec20 40f6 | c40f 0f84 | 1900 0000 | 4883 ec08 | 48b8 904a 
  0x000001dbf2e9d380: fe18 fd7f | 0000 ffd0 | 4883 c408 | e90c 0000 | 0048 b890 | 4afe 18fd | 7f00 00ff | d048 83c4 
  0x000001dbf2e9d3a0: 204c 8b6d | c048 8b04 | 2448 83c4 | 10c5 fb10 | 0424 4883 | c410 4c8b | 5d18 41ff | d34c 8b5d 
  0x000001dbf2e9d3c0: f8c9 5f49 | 8be3 ffe7 | ba00 0000 | 00e8 0500 | 0000 e996 | 0000 0048 | 8d44 2408 | 4c89 6dc0 
  0x000001dbf2e9d3e0: 498b cfc5 | f877 4989 | afb8 0300 | 0049 8987 | a803 0000 | 4883 ec20 | 40f6 c40f | 0f84 1900 
  0x000001dbf2e9d400: 0000 4883 | ec08 48b8 | 303f fe18 | fd7f 0000 | ffd0 4883 | c408 e90c | 0000 0048 | b830 3ffe 
  0x000001dbf2e9d420: 18fd 7f00 | 00ff d048 | 83c4 2049 | c787 a803 | 0000 0000 | 0000 49c7 | 87b8 0300 | 0000 0000 
  0x000001dbf2e9d440: 0049 c787 | b003 0000 | 0000 0000 | c5f8 7749 | 837f 0800 | 0f84 0500 | 0000 e961 | 3aff ff4c 
  0x000001dbf2e9d460: 8b6d c04c | 8b75 c84e | 8d74 f500 | c348 8b5d | e8e9 40f7 | ffff 6690 
[/MachCode]

---------------  P R O C E S S  ---------------

Threads class SMR info:
_java_thread_list=0x000001dbc712dd70, length=17, elements={
0x000001dbffbe9740, 0x000001dbffbebf90, 0x000001dbffbee6f0, 0x000001dbffbeee30,
0x000001dbffbfec80, 0x000001dbffbff4f0, 0x000001dbffc01b80, 0x000001dbffc0e1f0,
0x000001db802ff9b0, 0x000001db8035ced0, 0x000001db8035d610, 0x000001db805e4950,
0x000001db80520080, 0x000001db805267e0, 0x000001db80513cd0, 0x000001dbe0d55210,
0x000001dbc71c9bd0
}

Java Threads: ( => current thread )
  0x000001dbffbe9740 JavaThread "Reference Handler"          daemon [_thread_blocked, id=7640, stack(0x0000008dc6f00000,0x0000008dc7000000) (1024K)]
  0x000001dbffbebf90 JavaThread "Finalizer"                  daemon [_thread_blocked, id=18512, stack(0x0000008dc7000000,0x0000008dc7100000) (1024K)]
  0x000001dbffbee6f0 JavaThread "Signal Dispatcher"          daemon [_thread_blocked, id=16656, stack(0x0000008dc7100000,0x0000008dc7200000) (1024K)]
  0x000001dbffbeee30 JavaThread "Attach Listener"            daemon [_thread_blocked, id=1868, stack(0x0000008dc7200000,0x0000008dc7300000) (1024K)]
  0x000001dbffbfec80 JavaThread "Service Thread"             daemon [_thread_blocked, id=17668, stack(0x0000008dc7300000,0x0000008dc7400000) (1024K)]
  0x000001dbffbff4f0 JavaThread "Monitor Deflation Thread"   daemon [_thread_blocked, id=14212, stack(0x0000008dc7400000,0x0000008dc7500000) (1024K)]
  0x000001dbffc01b80 JavaThread "C2 CompilerThread0"         daemon [_thread_blocked, id=20820, stack(0x0000008dc7500000,0x0000008dc7600000) (1024K)]
  0x000001dbffc0e1f0 JavaThread "C1 CompilerThread0"         daemon [_thread_blocked, id=24928, stack(0x0000008dc7600000,0x0000008dc7700000) (1024K)]
  0x000001db802ff9b0 JavaThread "Common-Cleaner"             daemon [_thread_blocked, id=26224, stack(0x0000008dc7700000,0x0000008dc7800000) (1024K)]
  0x000001db8035ced0 JavaThread "Monitor Ctrl-Break"         daemon [_thread_in_native, id=14504, stack(0x0000008dc7800000,0x0000008dc7900000) (1024K)]
  0x000001db8035d610 JavaThread "Notification Thread"        daemon [_thread_blocked, id=20364, stack(0x0000008dc7900000,0x0000008dc7a00000) (1024K)]
  0x000001db805e4950 JavaThread "Java2D Disposer"            daemon [_thread_blocked, id=2996, stack(0x0000008dc7a00000,0x0000008dc7b00000) (1024K)]
  0x000001db80520080 JavaThread "AWT-Shutdown"                      [_thread_blocked, id=31428, stack(0x0000008dc7b00000,0x0000008dc7c00000) (1024K)]
=>0x000001db805267e0 JavaThread "AWT-Windows"                daemon [_thread_in_native, id=12948, stack(0x0000008dc7c00000,0x0000008dc7d00000) (1024K)]
  0x000001db80513cd0 JavaThread "AWT-EventQueue-0"                  [_thread_blocked, id=18248, stack(0x0000008dc7d00000,0x0000008dc7e00000) (1024K)]
  0x000001dbe0d55210 JavaThread "DestroyJavaVM"                     [_thread_blocked, id=20592, stack(0x0000008dc6700000,0x0000008dc6800000) (1024K)]
  0x000001dbc71c9bd0 JavaThread "TimerQueue"                 daemon [_thread_blocked, id=28384, stack(0x0000008dc8300000,0x0000008dc8400000) (1024K)]
Total: 17

Other Threads:
  0x000001dbffbd8280 VMThread "VM Thread"                           [id=22692, stack(0x0000008dc6e00000,0x0000008dc6f00000) (1024K)]
  0x000001dbffaa9080 WatcherThread "VM Periodic Task Thread"        [id=28148, stack(0x0000008dc6d00000,0x0000008dc6e00000) (1024K)]
  0x000001dbe31109c0 WorkerThread "GC Thread#0"                     [id=13420, stack(0x0000008dc6800000,0x0000008dc6900000) (1024K)]
  0x000001dbe3125710 ConcurrentGCThread "G1 Main Marker"            [id=29664, stack(0x0000008dc6900000,0x0000008dc6a00000) (1024K)]
  0x000001dbe3127dc0 WorkerThread "G1 Conc#0"                       [id=23064, stack(0x0000008dc6a00000,0x0000008dc6b00000) (1024K)]
  0x000001dbe317e160 ConcurrentGCThread "G1 Refine#0"               [id=28068, stack(0x0000008dc6b00000,0x0000008dc6c00000) (1024K)]
  0x000001dbe317e6a0 ConcurrentGCThread "G1 Service"                [id=25316, stack(0x0000008dc6c00000,0x0000008dc6d00000) (1024K)]
Total: 7

Threads with active compile tasks:
Total: 0

VM state: not at safepoint (normal execution)

VM Mutex/Monitor currently owned by a thread: None

Heap address: 0x0000000081c00000, size: 2020 MB, Compressed Oops mode: 32-bit

CDS archive(s) mapped at: [0x000001db81000000-0x000001db81d40000-0x000001db81d40000), size 13893632, SharedBaseAddress: 0x000001db81000000, ArchiveRelocationMode: 1.
Compressed class space mapped at: 0x000001db82000000-0x000001dbc2000000, reserved size: 1073741824
UseCompressedClassPointers 1, UseCompactObjectHeaders 0
Narrow klass pointer bits 32, Max shift 3
Narrow klass base: 0x000001db81000000, Narrow klass shift: 0
Encoding Range: [0x000001db81000000 - 0x000001dc81000000), (4294967296 bytes)
Klass Range:    [0x000001db81000000 - 0x000001dbc2000000), (1090519040 bytes)
Klass ID Range:  [8 - 1090519033) (1090519025)

GC Precious Log:
 CardTable entry size: 512
 Card Set container configuration: InlinePtr #cards 5 size 8 Array Of Cards #cards 10 size 36 Howl #buckets 4 coarsen threshold 1843 Howl Bitmap #cards 512 size 80 coarsen threshold 460 Card regions per heap region 1 cards per card region 2048
 CPUs: 8 total, 8 available
 Memory: 8072M
 Large Page Support: Disabled
 NUMA Support: Disabled
 Compressed Oops: Enabled (32-bit)
 Heap Region Size: 1M
 Heap Min Capacity: 8M
 Heap Initial Capacity: 128M
 Heap Max Capacity: 2020M
 Pre-touch: Disabled
 Parallel Workers: 8
 Concurrent Workers: 2
 Concurrent Refinement Workers: 8
 Periodic GC: Disabled

Heap:
 garbage-first heap   total reserved 2068480K, committed 133120K, used 49268K [0x0000000081c00000, 0x0000000100000000)
  region size 1024K, 33 young (33792K), 0 survivors (0K)
 Metaspace       used 10477K, committed 10752K, reserved 1114112K
  class space    used 893K, committed 1024K, reserved 1048576K

Heap Regions: E=young(eden), S=young(survivor), O=old, HS=humongous(starts), HC=humongous(continues), CS=collection set, F=free, TAMS=top-at-mark-start, PB=parsable bottom
|   0|0x0000000081c00000, 0x0000000081d00000, 0x0000000081d00000|100%|HS|  |TAMS 0x0000000081c00000| PB 0x0000000081c00000| Complete |  0
|   1|0x0000000081d00000, 0x0000000081e00000, 0x0000000081e00000|100%|HS|  |TAMS 0x0000000081d00000| PB 0x0000000081d00000| Complete |  0
|   2|0x0000000081e00000, 0x0000000081f00000, 0x0000000081f00000|100%|HS|  |TAMS 0x0000000081e00000| PB 0x0000000081e00000| Complete |  0
|   3|0x0000000081f00000, 0x0000000082000000, 0x0000000082000000|100%|HC|  |TAMS 0x0000000081f00000| PB 0x0000000081f00000| Complete |  0
|   4|0x0000000082000000, 0x0000000082100000, 0x0000000082100000|100%|HC|  |TAMS 0x0000000082000000| PB 0x0000000082000000| Complete |  0
|   5|0x0000000082100000, 0x0000000082200000, 0x0000000082200000|100%|HS|  |TAMS 0x0000000082100000| PB 0x0000000082100000| Complete |  0
|   6|0x0000000082200000, 0x0000000082300000, 0x0000000082300000|100%|HS|  |TAMS 0x0000000082200000| PB 0x0000000082200000| Complete |  0
|   7|0x0000000082300000, 0x0000000082400000, 0x0000000082400000|100%|HS|  |TAMS 0x0000000082300000| PB 0x0000000082300000| Complete |  0
|   8|0x0000000082400000, 0x0000000082500000, 0x0000000082500000|100%|HS|  |TAMS 0x0000000082400000| PB 0x0000000082400000| Complete |  0
|   9|0x0000000082500000, 0x0000000082600000, 0x0000000082600000|100%|HS|  |TAMS 0x0000000082500000| PB 0x0000000082500000| Complete |  0
|  10|0x0000000082600000, 0x0000000082700000, 0x0000000082700000|100%|HS|  |TAMS 0x0000000082600000| PB 0x0000000082600000| Complete |  0
|  11|0x0000000082700000, 0x0000000082800000, 0x0000000082800000|100%|HS|  |TAMS 0x0000000082700000| PB 0x0000000082700000| Complete |  0
|  12|0x0000000082800000, 0x0000000082900000, 0x0000000082900000|100%|HS|  |TAMS 0x0000000082800000| PB 0x0000000082800000| Complete |  0
|  13|0x0000000082900000, 0x0000000082a00000, 0x0000000082a00000|100%|HC|  |TAMS 0x0000000082900000| PB 0x0000000082900000| Complete |  0
|  14|0x0000000082a00000, 0x0000000082b00000, 0x0000000082b00000|100%|HC|  |TAMS 0x0000000082a00000| PB 0x0000000082a00000| Complete |  0
|  15|0x0000000082b00000, 0x0000000082b00000, 0x0000000082c00000|  0%| F|  |TAMS 0x0000000082b00000| PB 0x0000000082b00000| Untracked |  0
|  16|0x0000000082c00000, 0x0000000082c00000, 0x0000000082d00000|  0%| F|  |TAMS 0x0000000082c00000| PB 0x0000000082c00000| Untracked |  0
|  17|0x0000000082d00000, 0x0000000082d00000, 0x0000000082e00000|  0%| F|  |TAMS 0x0000000082d00000| PB 0x0000000082d00000| Untracked |  0
|  18|0x0000000082e00000, 0x0000000082e00000, 0x0000000082f00000|  0%| F|  |TAMS 0x0000000082e00000| PB 0x0000000082e00000| Untracked |  0
|  19|0x0000000082f00000, 0x0000000082f00000, 0x0000000083000000|  0%| F|  |TAMS 0x0000000082f00000| PB 0x0000000082f00000| Untracked |  0
|  20|0x0000000083000000, 0x0000000083000000, 0x0000000083100000|  0%| F|  |TAMS 0x0000000083000000| PB 0x0000000083000000| Untracked |  0
|  21|0x0000000083100000, 0x0000000083100000, 0x0000000083200000|  0%| F|  |TAMS 0x0000000083100000| PB 0x0000000083100000| Untracked |  0
|  22|0x0000000083200000, 0x0000000083200000, 0x0000000083300000|  0%| F|  |TAMS 0x0000000083200000| PB 0x0000000083200000| Untracked |  0
|  23|0x0000000083300000, 0x0000000083300000, 0x0000000083400000|  0%| F|  |TAMS 0x0000000083300000| PB 0x0000000083300000| Untracked |  0
|  24|0x0000000083400000, 0x0000000083400000, 0x0000000083500000|  0%| F|  |TAMS 0x0000000083400000| PB 0x0000000083400000| Untracked |  0
|  25|0x0000000083500000, 0x0000000083500000, 0x0000000083600000|  0%| F|  |TAMS 0x0000000083500000| PB 0x0000000083500000| Untracked |  0
|  26|0x0000000083600000, 0x0000000083600000, 0x0000000083700000|  0%| F|  |TAMS 0x0000000083600000| PB 0x0000000083600000| Untracked |  0
|  27|0x0000000083700000, 0x0000000083700000, 0x0000000083800000|  0%| F|  |TAMS 0x0000000083700000| PB 0x0000000083700000| Untracked |  0
|  28|0x0000000083800000, 0x0000000083800000, 0x0000000083900000|  0%| F|  |TAMS 0x0000000083800000| PB 0x0000000083800000| Untracked |  0
|  29|0x0000000083900000, 0x0000000083900000, 0x0000000083a00000|  0%| F|  |TAMS 0x0000000083900000| PB 0x0000000083900000| Untracked |  0
|  30|0x0000000083a00000, 0x0000000083a00000, 0x0000000083b00000|  0%| F|  |TAMS 0x0000000083a00000| PB 0x0000000083a00000| Untracked |  0
|  31|0x0000000083b00000, 0x0000000083b00000, 0x0000000083c00000|  0%| F|  |TAMS 0x0000000083b00000| PB 0x0000000083b00000| Untracked |  0
|  32|0x0000000083c00000, 0x0000000083c00000, 0x0000000083d00000|  0%| F|  |TAMS 0x0000000083c00000| PB 0x0000000083c00000| Untracked |  0
|  33|0x0000000083d00000, 0x0000000083d00000, 0x0000000083e00000|  0%| F|  |TAMS 0x0000000083d00000| PB 0x0000000083d00000| Untracked |  0
|  34|0x0000000083e00000, 0x0000000083e00000, 0x0000000083f00000|  0%| F|  |TAMS 0x0000000083e00000| PB 0x0000000083e00000| Untracked |  0
|  35|0x0000000083f00000, 0x0000000083f00000, 0x0000000084000000|  0%| F|  |TAMS 0x0000000083f00000| PB 0x0000000083f00000| Untracked |  0
|  36|0x0000000084000000, 0x0000000084000000, 0x0000000084100000|  0%| F|  |TAMS 0x0000000084000000| PB 0x0000000084000000| Untracked |  0
|  37|0x0000000084100000, 0x0000000084100000, 0x0000000084200000|  0%| F|  |TAMS 0x0000000084100000| PB 0x0000000084100000| Untracked |  0
|  38|0x0000000084200000, 0x0000000084200000, 0x0000000084300000|  0%| F|  |TAMS 0x0000000084200000| PB 0x0000000084200000| Untracked |  0
|  39|0x0000000084300000, 0x0000000084300000, 0x0000000084400000|  0%| F|  |TAMS 0x0000000084300000| PB 0x0000000084300000| Untracked |  0
|  40|0x0000000084400000, 0x0000000084400000, 0x0000000084500000|  0%| F|  |TAMS 0x0000000084400000| PB 0x0000000084400000| Untracked |  0
|  41|0x0000000084500000, 0x0000000084500000, 0x0000000084600000|  0%| F|  |TAMS 0x0000000084500000| PB 0x0000000084500000| Untracked |  0
|  42|0x0000000084600000, 0x0000000084600000, 0x0000000084700000|  0%| F|  |TAMS 0x0000000084600000| PB 0x0000000084600000| Untracked |  0
|  43|0x0000000084700000, 0x0000000084700000, 0x0000000084800000|  0%| F|  |TAMS 0x0000000084700000| PB 0x0000000084700000| Untracked |  0
|  44|0x0000000084800000, 0x0000000084800000, 0x0000000084900000|  0%| F|  |TAMS 0x0000000084800000| PB 0x0000000084800000| Untracked |  0
|  45|0x0000000084900000, 0x0000000084900000, 0x0000000084a00000|  0%| F|  |TAMS 0x0000000084900000| PB 0x0000000084900000| Untracked |  0
|  46|0x0000000084a00000, 0x0000000084a00000, 0x0000000084b00000|  0%| F|  |TAMS 0x0000000084a00000| PB 0x0000000084a00000| Untracked |  0
|  47|0x0000000084b00000, 0x0000000084b00000, 0x0000000084c00000|  0%| F|  |TAMS 0x0000000084b00000| PB 0x0000000084b00000| Untracked |  0
|  48|0x0000000084c00000, 0x0000000084c00000, 0x0000000084d00000|  0%| F|  |TAMS 0x0000000084c00000| PB 0x0000000084c00000| Untracked |  0
|  49|0x0000000084d00000, 0x0000000084d00000, 0x0000000084e00000|  0%| F|  |TAMS 0x0000000084d00000| PB 0x0000000084d00000| Untracked |  0
|  50|0x0000000084e00000, 0x0000000084e00000, 0x0000000084f00000|  0%| F|  |TAMS 0x0000000084e00000| PB 0x0000000084e00000| Untracked |  0
|  51|0x0000000084f00000, 0x0000000084f00000, 0x0000000085000000|  0%| F|  |TAMS 0x0000000084f00000| PB 0x0000000084f00000| Untracked |  0
|  52|0x0000000085000000, 0x0000000085000000, 0x0000000085100000|  0%| F|  |TAMS 0x0000000085000000| PB 0x0000000085000000| Untracked |  0
|  53|0x0000000085100000, 0x0000000085100000, 0x0000000085200000|  0%| F|  |TAMS 0x0000000085100000| PB 0x0000000085100000| Untracked |  0
|  54|0x0000000085200000, 0x0000000085200000, 0x0000000085300000|  0%| F|  |TAMS 0x0000000085200000| PB 0x0000000085200000| Untracked |  0
|  55|0x0000000085300000, 0x0000000085300000, 0x0000000085400000|  0%| F|  |TAMS 0x0000000085300000| PB 0x0000000085300000| Untracked |  0
|  56|0x0000000085400000, 0x0000000085400000, 0x0000000085500000|  0%| F|  |TAMS 0x0000000085400000| PB 0x0000000085400000| Untracked |  0
|  57|0x0000000085500000, 0x0000000085500000, 0x0000000085600000|  0%| F|  |TAMS 0x0000000085500000| PB 0x0000000085500000| Untracked |  0
|  58|0x0000000085600000, 0x0000000085600000, 0x0000000085700000|  0%| F|  |TAMS 0x0000000085600000| PB 0x0000000085600000| Untracked |  0
|  59|0x0000000085700000, 0x0000000085700000, 0x0000000085800000|  0%| F|  |TAMS 0x0000000085700000| PB 0x0000000085700000| Untracked |  0
|  60|0x0000000085800000, 0x0000000085800000, 0x0000000085900000|  0%| F|  |TAMS 0x0000000085800000| PB 0x0000000085800000| Untracked |  0
|  61|0x0000000085900000, 0x0000000085900000, 0x0000000085a00000|  0%| F|  |TAMS 0x0000000085900000| PB 0x0000000085900000| Untracked |  0
|  62|0x0000000085a00000, 0x0000000085a00000, 0x0000000085b00000|  0%| F|  |TAMS 0x0000000085a00000| PB 0x0000000085a00000| Untracked |  0
|  63|0x0000000085b00000, 0x0000000085b00000, 0x0000000085c00000|  0%| F|  |TAMS 0x0000000085b00000| PB 0x0000000085b00000| Untracked |  0
|  64|0x0000000085c00000, 0x0000000085c00000, 0x0000000085d00000|  0%| F|  |TAMS 0x0000000085c00000| PB 0x0000000085c00000| Untracked |  0
|  65|0x0000000085d00000, 0x0000000085d00000, 0x0000000085e00000|  0%| F|  |TAMS 0x0000000085d00000| PB 0x0000000085d00000| Untracked |  0
|  66|0x0000000085e00000, 0x0000000085e00000, 0x0000000085f00000|  0%| F|  |TAMS 0x0000000085e00000| PB 0x0000000085e00000| Untracked |  0
|  67|0x0000000085f00000, 0x0000000085f00000, 0x0000000086000000|  0%| F|  |TAMS 0x0000000085f00000| PB 0x0000000085f00000| Untracked |  0
|  68|0x0000000086000000, 0x0000000086000000, 0x0000000086100000|  0%| F|  |TAMS 0x0000000086000000| PB 0x0000000086000000| Untracked |  0
|  69|0x0000000086100000, 0x0000000086100000, 0x0000000086200000|  0%| F|  |TAMS 0x0000000086100000| PB 0x0000000086100000| Untracked |  0
|  70|0x0000000086200000, 0x0000000086200000, 0x0000000086300000|  0%| F|  |TAMS 0x0000000086200000| PB 0x0000000086200000| Untracked |  0
|  71|0x0000000086300000, 0x0000000086300000, 0x0000000086400000|  0%| F|  |TAMS 0x0000000086300000| PB 0x0000000086300000| Untracked |  0
|  72|0x0000000086400000, 0x0000000086400000, 0x0000000086500000|  0%| F|  |TAMS 0x0000000086400000| PB 0x0000000086400000| Untracked |  0
|  73|0x0000000086500000, 0x0000000086500000, 0x0000000086600000|  0%| F|  |TAMS 0x0000000086500000| PB 0x0000000086500000| Untracked |  0
|  74|0x0000000086600000, 0x0000000086600000, 0x0000000086700000|  0%| F|  |TAMS 0x0000000086600000| PB 0x0000000086600000| Untracked |  0
|  75|0x0000000086700000, 0x0000000086700000, 0x0000000086800000|  0%| F|  |TAMS 0x0000000086700000| PB 0x0000000086700000| Untracked |  0
|  76|0x0000000086800000, 0x0000000086800000, 0x0000000086900000|  0%| F|  |TAMS 0x0000000086800000| PB 0x0000000086800000| Untracked |  0
|  77|0x0000000086900000, 0x0000000086900000, 0x0000000086a00000|  0%| F|  |TAMS 0x0000000086900000| PB 0x0000000086900000| Untracked |  0
|  78|0x0000000086a00000, 0x0000000086a00000, 0x0000000086b00000|  0%| F|  |TAMS 0x0000000086a00000| PB 0x0000000086a00000| Untracked |  0
|  79|0x0000000086b00000, 0x0000000086b00000, 0x0000000086c00000|  0%| F|  |TAMS 0x0000000086b00000| PB 0x0000000086b00000| Untracked |  0
|  80|0x0000000086c00000, 0x0000000086c00000, 0x0000000086d00000|  0%| F|  |TAMS 0x0000000086c00000| PB 0x0000000086c00000| Untracked |  0
|  81|0x0000000086d00000, 0x0000000086d00000, 0x0000000086e00000|  0%| F|  |TAMS 0x0000000086d00000| PB 0x0000000086d00000| Untracked |  0
|  82|0x0000000086e00000, 0x0000000086e00000, 0x0000000086f00000|  0%| F|  |TAMS 0x0000000086e00000| PB 0x0000000086e00000| Untracked |  0
|  83|0x0000000086f00000, 0x0000000086f00000, 0x0000000087000000|  0%| F|  |TAMS 0x0000000086f00000| PB 0x0000000086f00000| Untracked |  0
|  84|0x0000000087000000, 0x0000000087000000, 0x0000000087100000|  0%| F|  |TAMS 0x0000000087000000| PB 0x0000000087000000| Untracked |  0
|  85|0x0000000087100000, 0x0000000087100000, 0x0000000087200000|  0%| F|  |TAMS 0x0000000087100000| PB 0x0000000087100000| Untracked |  0
|  86|0x0000000087200000, 0x0000000087200000, 0x0000000087300000|  0%| F|  |TAMS 0x0000000087200000| PB 0x0000000087200000| Untracked |  0
|  87|0x0000000087300000, 0x0000000087300000, 0x0000000087400000|  0%| F|  |TAMS 0x0000000087300000| PB 0x0000000087300000| Untracked |  0
|  88|0x0000000087400000, 0x0000000087400000, 0x0000000087500000|  0%| F|  |TAMS 0x0000000087400000| PB 0x0000000087400000| Untracked |  0
|  89|0x0000000087500000, 0x0000000087500000, 0x0000000087600000|  0%| F|  |TAMS 0x0000000087500000| PB 0x0000000087500000| Untracked |  0
|  90|0x0000000087600000, 0x0000000087600000, 0x0000000087700000|  0%| F|  |TAMS 0x0000000087600000| PB 0x0000000087600000| Untracked |  0
|  91|0x0000000087700000, 0x0000000087700000, 0x0000000087800000|  0%| F|  |TAMS 0x0000000087700000| PB 0x0000000087700000| Untracked |  0
|  92|0x0000000087800000, 0x0000000087800000, 0x0000000087900000|  0%| F|  |TAMS 0x0000000087800000| PB 0x0000000087800000| Untracked |  0
|  93|0x0000000087900000, 0x0000000087900000, 0x0000000087a00000|  0%| F|  |TAMS 0x0000000087900000| PB 0x0000000087900000| Untracked |  0
|  94|0x0000000087a00000, 0x0000000087a00000, 0x0000000087b00000|  0%| F|  |TAMS 0x0000000087a00000| PB 0x0000000087a00000| Untracked |  0
|  95|0x0000000087b00000, 0x0000000087b80000, 0x0000000087c00000| 50%| E|  |TAMS 0x0000000087b00000| PB 0x0000000087b00000| Complete |  0
|  96|0x0000000087c00000, 0x0000000087d00000, 0x0000000087d00000|100%| E|CS|TAMS 0x0000000087c00000| PB 0x0000000087c00000| Complete |  0
|  97|0x0000000087d00000, 0x0000000087e00000, 0x0000000087e00000|100%| E|CS|TAMS 0x0000000087d00000| PB 0x0000000087d00000| Complete |  0
|  98|0x0000000087e00000, 0x0000000087f00000, 0x0000000087f00000|100%| E|CS|TAMS 0x0000000087e00000| PB 0x0000000087e00000| Complete |  0
|  99|0x0000000087f00000, 0x0000000088000000, 0x0000000088000000|100%| E|CS|TAMS 0x0000000087f00000| PB 0x0000000087f00000| Complete |  0
| 100|0x0000000088000000, 0x0000000088100000, 0x0000000088100000|100%| E|CS|TAMS 0x0000000088000000| PB 0x0000000088000000| Complete |  0
| 101|0x0000000088100000, 0x0000000088200000, 0x0000000088200000|100%| E|CS|TAMS 0x0000000088100000| PB 0x0000000088100000| Complete |  0
| 102|0x0000000088200000, 0x0000000088300000, 0x0000000088300000|100%| E|CS|TAMS 0x0000000088200000| PB 0x0000000088200000| Complete |  0
| 103|0x0000000088300000, 0x0000000088400000, 0x0000000088400000|100%| E|CS|TAMS 0x0000000088300000| PB 0x0000000088300000| Complete |  0
| 104|0x0000000088400000, 0x0000000088500000, 0x0000000088500000|100%| E|CS|TAMS 0x0000000088400000| PB 0x0000000088400000| Complete |  0
| 105|0x0000000088500000, 0x0000000088600000, 0x0000000088600000|100%| E|CS|TAMS 0x0000000088500000| PB 0x0000000088500000| Complete |  0
| 106|0x0000000088600000, 0x0000000088700000, 0x0000000088700000|100%| E|CS|TAMS 0x0000000088600000| PB 0x0000000088600000| Complete |  0
| 107|0x0000000088700000, 0x0000000088800000, 0x0000000088800000|100%| E|CS|TAMS 0x0000000088700000| PB 0x0000000088700000| Complete |  0
| 108|0x0000000088800000, 0x0000000088900000, 0x0000000088900000|100%| E|CS|TAMS 0x0000000088800000| PB 0x0000000088800000| Complete |  0
| 109|0x0000000088900000, 0x0000000088a00000, 0x0000000088a00000|100%| E|CS|TAMS 0x0000000088900000| PB 0x0000000088900000| Complete |  0
| 110|0x0000000088a00000, 0x0000000088b00000, 0x0000000088b00000|100%| E|CS|TAMS 0x0000000088a00000| PB 0x0000000088a00000| Complete |  0
| 111|0x0000000088b00000, 0x0000000088c00000, 0x0000000088c00000|100%| E|CS|TAMS 0x0000000088b00000| PB 0x0000000088b00000| Complete |  0
| 112|0x0000000088c00000, 0x0000000088d00000, 0x0000000088d00000|100%| E|CS|TAMS 0x0000000088c00000| PB 0x0000000088c00000| Complete |  0
| 113|0x0000000088d00000, 0x0000000088e00000, 0x0000000088e00000|100%| E|CS|TAMS 0x0000000088d00000| PB 0x0000000088d00000| Complete |  0
| 114|0x0000000088e00000, 0x0000000088f00000, 0x0000000088f00000|100%| E|CS|TAMS 0x0000000088e00000| PB 0x0000000088e00000| Complete |  0
| 115|0x0000000088f00000, 0x0000000089000000, 0x0000000089000000|100%| E|CS|TAMS 0x0000000088f00000| PB 0x0000000088f00000| Complete |  0
| 116|0x0000000089000000, 0x0000000089100000, 0x0000000089100000|100%| E|CS|TAMS 0x0000000089000000| PB 0x0000000089000000| Complete |  0
| 117|0x0000000089100000, 0x0000000089200000, 0x0000000089200000|100%| E|CS|TAMS 0x0000000089100000| PB 0x0000000089100000| Complete |  0
| 118|0x0000000089200000, 0x0000000089300000, 0x0000000089300000|100%| E|CS|TAMS 0x0000000089200000| PB 0x0000000089200000| Complete |  0
| 119|0x0000000089300000, 0x0000000089400000, 0x0000000089400000|100%| E|CS|TAMS 0x0000000089300000| PB 0x0000000089300000| Complete |  0
| 120|0x0000000089400000, 0x0000000089500000, 0x0000000089500000|100%| E|CS|TAMS 0x0000000089400000| PB 0x0000000089400000| Complete |  0
| 121|0x0000000089500000, 0x0000000089600000, 0x0000000089600000|100%| E|CS|TAMS 0x0000000089500000| PB 0x0000000089500000| Complete |  0
| 122|0x0000000089600000, 0x0000000089700000, 0x0000000089700000|100%| E|CS|TAMS 0x0000000089600000| PB 0x0000000089600000| Complete |  0
| 123|0x0000000089700000, 0x0000000089800000, 0x0000000089800000|100%| E|CS|TAMS 0x0000000089700000| PB 0x0000000089700000| Complete |  0
| 124|0x0000000089800000, 0x0000000089900000, 0x0000000089900000|100%| E|CS|TAMS 0x0000000089800000| PB 0x0000000089800000| Complete |  0
| 125|0x0000000089900000, 0x0000000089a00000, 0x0000000089a00000|100%| E|CS|TAMS 0x0000000089900000| PB 0x0000000089900000| Complete |  0
| 126|0x0000000089a00000, 0x0000000089b00000, 0x0000000089b00000|100%| E|CS|TAMS 0x0000000089a00000| PB 0x0000000089a00000| Complete |  0
| 127|0x0000000089b00000, 0x0000000089c00000, 0x0000000089c00000|100%| E|CS|TAMS 0x0000000089b00000| PB 0x0000000089b00000| Complete |  0
|2018|0x00000000ffe00000, 0x00000000fff00000, 0x00000000fff00000|100%| O|  |TAMS 0x00000000ffe00000| PB 0x00000000ffe00000| Untracked |  0
|2019|0x00000000fff00000, 0x00000000fff1d1c0, 0x0000000100000000| 11%| O|  |TAMS 0x00000000fff00000| PB 0x00000000fff00000| Untracked |  0

Card table byte_map: [0x000001dbfb1a0000,0x000001dbfb5a0000] _byte_map_base: 0x000001dbfad92000

Marking Bits: (CMBitMap*) 0x000001dbe31110d0
 Bits: [0x000001dbfb5a0000, 0x000001dbfd530000)

Polling page: 0x000001dbe10c0000

Metaspace:

Usage:
  Non-class:      9.36 MB used.
      Class:    893.93 KB used.
       Both:     10.23 MB used.

Virtual space:
  Non-class space:       64.00 MB reserved,       9.50 MB ( 15%) committed,  1 nodes.
      Class space:        1.00 GB reserved,       1.00 MB ( <1%) committed,  1 nodes.
             Both:        1.06 GB reserved,      10.50 MB ( <1%) committed. 

Chunk freelists:
   Non-Class:  6.48 MB
       Class:  15.06 MB
        Both:  21.54 MB

MaxMetaspaceSize: unlimited
CompressedClassSpaceSize: 1.00 GB
Initial GC threshold: 21.00 MB
Current GC threshold: 21.00 MB
CDS: on
 - commit_granule_bytes: 65536.
 - commit_granule_words: 8192.
 - virtual_space_node_default_size: 8388608.
 - enlarge_chunks_in_place: 1.
UseCompressedClassPointers 1, UseCompactObjectHeaders 0
Narrow klass pointer bits 32, Max shift 3
Narrow klass base: 0x000001db81000000, Narrow klass shift: 0
Encoding Range: [0x000001db81000000 - 0x000001dc81000000), (4294967296 bytes)
Klass Range:    [0x000001db81000000 - 0x000001dbc2000000), (1090519040 bytes)
Klass ID Range:  [8 - 1090519033) (1090519025)


Internal statistics:

num_allocs_failed_limit: 0.
num_arena_births: 134.
num_arena_deaths: 0.
num_vsnodes_births: 2.
num_vsnodes_deaths: 0.
num_space_committed: 168.
num_space_uncommitted: 0.
num_chunks_returned_to_freelist: 0.
num_chunks_taken_from_freelist: 170.
num_chunk_merges: 0.
num_chunk_splits: 111.
num_chunks_enlarged: 66.
num_inconsistent_stats: 0.

CodeHeap 'non-profiled nmethods': size=120064Kb used=721Kb max_used=721Kb free=119342Kb
 bounds [0x000001dbf3420000, 0x000001dbf3690000, 0x000001dbfa960000]
CodeHeap 'profiled nmethods': size=120000Kb used=3417Kb max_used=3417Kb free=116582Kb
 bounds [0x000001dbeb960000, 0x000001dbebcc0000, 0x000001dbf2e90000]
CodeHeap 'non-nmethods': size=5696Kb used=1511Kb max_used=1570Kb free=4185Kb
 bounds [0x000001dbf2e90000, 0x000001dbf3100000, 0x000001dbf3420000]
CodeCache: size=245760Kb, used=5649Kb, max_used=5708Kb, free=240109Kb
 total_blobs=2902, nmethods=2217, adapters=589, full_count=0
Compilation: enabled, stopped_count=0, restarted_count=0

Compilation events (20 events):
Event: 657.960 Thread 0x000001dbffc0e1f0 2209   !   3       sun.awt.windows.WWindowPeer::getTranslucentGraphics (34 bytes)
Event: 657.960 Thread 0x000001dbffc0e1f0 nmethod 2209 0x000001dbebcada08 code [0x000001dbebcadb40, 0x000001dbebcadee8]
Event: 657.960 Thread 0x000001dbffc0e1f0 2210       3       sun.java2d.d3d.D3DScreenUpdateManager::createGraphics (76 bytes)
Event: 657.962 Thread 0x000001dbffc0e1f0 nmethod 2210 0x000001dbebcadf08 code [0x000001dbebcae0a0, 0x000001dbebcae718]
Event: 657.962 Thread 0x000001dbffc0e1f0 2211  s    3       sun.java2d.ScreenUpdateManager::createGraphics (14 bytes)
Event: 657.962 Thread 0x000001dbffc0e1f0 nmethod 2211 0x000001dbebcae788 code [0x000001dbebcae8a0, 0x000001dbebcaeba8]
Event: 660.458 Thread 0x000001dbffc0e1f0 2212       3       java.awt.geom.Rectangle2D$Float::getWidth (6 bytes)
Event: 660.459 Thread 0x000001dbffc0e1f0 nmethod 2212 0x000001dbebcaec08 code [0x000001dbebcaed20, 0x000001dbebcaee30]
Event: 661.960 Thread 0x000001dbffc0e1f0 2213   !   3       javax.swing.JComponent::_paintImmediately (891 bytes)
Event: 661.965 Thread 0x000001dbffc0e1f0 nmethod 2213 0x000001dbebcaef08 code [0x000001dbebcaf4e0, 0x000001dbebcb3da8]
Event: 662.462 Thread 0x000001dbffc0e1f0 2214       3       java.awt.EventQueue::invokeLater (18 bytes)
Event: 662.464 Thread 0x000001dbffc0e1f0 nmethod 2214 0x000001dbebcb3f08 code [0x000001dbebcb40e0, 0x000001dbebcb49c0]
Event: 663.964 Thread 0x000001dbffc0e1f0 2215       3       javax.swing.SwingUtilities::invokeLater (5 bytes)
Event: 663.965 Thread 0x000001dbffc0e1f0 nmethod 2215 0x000001dbebcb4a88 code [0x000001dbebcb4ba0, 0x000001dbebcb4cb0]
Event: 664.967 Thread 0x000001dbffc01b80 2216       4       java.util.IdentityHashMap::get (60 bytes)
Event: 664.978 Thread 0x000001dbffc01b80 nmethod 2216 0x000001dbf34d4208 code [0x000001dbf34d4340, 0x000001dbf34d4580]
Event: 671.646 Thread 0x000001dbffc0e1f0 2217       3       sun.util.locale.BaseLocale::getInstance (160 bytes)
Event: 671.647 Thread 0x000001dbffc0e1f0 nmethod 2217 0x000001dbebcb4d88 code [0x000001dbebcb4fe0, 0x000001dbebcb6280]
Event: 943.784 Thread 0x000001dbffc0e1f0 2218       3       java.util.HashMap::<init> (8 bytes)
Event: 943.784 Thread 0x000001dbffc0e1f0 nmethod 2218 0x000001dbebcb6308 code [0x000001dbebcb6440, 0x000001dbebcb6578]

GC Heap History (0 events):
No events

Dll operation events (12 events):
Event: 0.021 Loaded shared library C:\Program Files\Java\jdk-24\bin\java.dll
Event: 0.072 Loaded shared library C:\Program Files\Java\jdk-24\bin\jsvml.dll
Event: 0.155 Loaded shared library C:\Program Files\Java\jdk-24\bin\zip.dll
Event: 0.161 Loaded shared library C:\Program Files\Java\jdk-24\bin\instrument.dll
Event: 0.172 Loaded shared library C:\Program Files\Java\jdk-24\bin\net.dll
Event: 0.175 Loaded shared library C:\Program Files\Java\jdk-24\bin\nio.dll
Event: 0.188 Loaded shared library C:\Program Files\Java\jdk-24\bin\zip.dll
Event: 0.233 Loaded shared library C:\Program Files\Java\jdk-24\bin\extnet.dll
Event: 0.240 Loaded shared library C:\Program Files\Java\jdk-24\bin\jimage.dll
Event: 0.259 Loaded shared library C:\Program Files\Java\jdk-24\bin\awt.dll
Event: 0.717 Loaded shared library C:\Program Files\Java\jdk-24\bin\freetype.dll
Event: 0.720 Loaded shared library C:\Program Files\Java\jdk-24\bin\fontmanager.dll

Deoptimization events (20 events):
Event: 6.404 Thread 0x000001db80513cd0 Uncommon trap: trap_request=0xffffffd6 fr.pc=0x000001dbf34a5fdc relative=0x000000000000067c
Event: 6.404 Thread 0x000001db80513cd0 Uncommon trap: reason=array_check action=maybe_recompile pc=0x000001dbf34a5fdc method=jdk.internal.classfile.impl.SplitConstantPool.internalAdd(Ljava/lang/classfile/constantpool/PoolEntry;I)Ljava/lang/classfile/constantpool/PoolEntry; @ 46 c2
Event: 6.404 Thread 0x000001db80513cd0 DEOPT PACKING pc=0x000001dbf34a5fdc sp=0x0000008dc7dfcac0
Event: 6.404 Thread 0x000001db80513cd0 DEOPT UNPACKING pc=0x000001dbf2fa6382 sp=0x0000008dc7dfca50 mode 2
Event: 6.404 Thread 0x000001db80513cd0 Uncommon trap: trap_request=0xffffffd6 fr.pc=0x000001dbf34a5fdc relative=0x000000000000067c
Event: 6.404 Thread 0x000001db80513cd0 Uncommon trap: reason=array_check action=maybe_recompile pc=0x000001dbf34a5fdc method=jdk.internal.classfile.impl.SplitConstantPool.internalAdd(Ljava/lang/classfile/constantpool/PoolEntry;I)Ljava/lang/classfile/constantpool/PoolEntry; @ 46 c2
Event: 6.404 Thread 0x000001db80513cd0 DEOPT PACKING pc=0x000001dbf34a5fdc sp=0x0000008dc7dfcac0
Event: 6.404 Thread 0x000001db80513cd0 DEOPT UNPACKING pc=0x000001dbf2fa6382 sp=0x0000008dc7dfca50 mode 2
Event: 6.404 Thread 0x000001db80513cd0 Uncommon trap: trap_request=0xffffffd6 fr.pc=0x000001dbf34a5fdc relative=0x000000000000067c
Event: 6.404 Thread 0x000001db80513cd0 Uncommon trap: reason=array_check action=maybe_recompile pc=0x000001dbf34a5fdc method=jdk.internal.classfile.impl.SplitConstantPool.internalAdd(Ljava/lang/classfile/constantpool/PoolEntry;I)Ljava/lang/classfile/constantpool/PoolEntry; @ 46 c2
Event: 6.404 Thread 0x000001db80513cd0 DEOPT PACKING pc=0x000001dbf34a5fdc sp=0x0000008dc7dfc9e0
Event: 6.404 Thread 0x000001db80513cd0 DEOPT UNPACKING pc=0x000001dbf2fa6382 sp=0x0000008dc7dfc970 mode 2
Event: 6.404 Thread 0x000001db80513cd0 Uncommon trap: trap_request=0xffffffd6 fr.pc=0x000001dbf34a5fdc relative=0x000000000000067c
Event: 6.404 Thread 0x000001db80513cd0 Uncommon trap: reason=array_check action=maybe_recompile pc=0x000001dbf34a5fdc method=jdk.internal.classfile.impl.SplitConstantPool.internalAdd(Ljava/lang/classfile/constantpool/PoolEntry;I)Ljava/lang/classfile/constantpool/PoolEntry; @ 46 c2
Event: 6.404 Thread 0x000001db80513cd0 DEOPT PACKING pc=0x000001dbf34a5fdc sp=0x0000008dc7dfc9e0
Event: 6.404 Thread 0x000001db80513cd0 DEOPT UNPACKING pc=0x000001dbf2fa6382 sp=0x0000008dc7dfc970 mode 2
Event: 29.845 Thread 0x000001db80513cd0 Uncommon trap: trap_request=0xffffff4d fr.pc=0x000001dbf34ab454 relative=0x0000000000000df4
Event: 29.845 Thread 0x000001db80513cd0 Uncommon trap: reason=unstable_if action=reinterpret pc=0x000001dbf34ab454 method=java.awt.Container.findComponentAtImpl(IIZ)Ljava/awt/Component; @ 6 c2
Event: 29.845 Thread 0x000001db80513cd0 DEOPT PACKING pc=0x000001dbf34ab454 sp=0x0000008dc7dfdbd0
Event: 29.845 Thread 0x000001db80513cd0 DEOPT UNPACKING pc=0x000001dbf2fa6382 sp=0x0000008dc7dfdb80 mode 2

Classes loaded (20 events):
Event: 28.293 Loading class javax/swing/KeyboardManager
Event: 28.294 Loading class javax/swing/KeyboardManager done
Event: 28.294 Loading class javax/swing/Popup$HeavyWeightWindow
Event: 28.295 Loading class javax/swing/JWindow
Event: 28.296 Loading class javax/swing/JWindow done
Event: 28.296 Loading class javax/swing/Popup$HeavyWeightWindow done
Event: 146.757 Loading class sun/awt/windows/WInputMethod$1
Event: 146.757 Loading class sun/awt/windows/WInputMethod$1 done
Event: 146.759 Loading class java/awt/font/TextHitInfo
Event: 146.760 Loading class java/awt/font/TextHitInfo done
Event: 184.766 Loading class java/awt/desktop/SystemSleepListener
Event: 184.769 Loading class java/awt/desktop/SystemEventListener
Event: 184.769 Loading class java/awt/desktop/SystemEventListener done
Event: 184.769 Loading class java/awt/desktop/SystemSleepListener done
Event: 640.620 Loading class java/util/WeakHashMap$KeyIterator
Event: 640.622 Loading class java/util/WeakHashMap$HashIterator
Event: 640.623 Loading class java/util/WeakHashMap$HashIterator done
Event: 640.623 Loading class java/util/WeakHashMap$KeyIterator done
Event: 640.625 Loading class javax/swing/RepaintManager$DisplayChangedRunnable
Event: 640.626 Loading class javax/swing/RepaintManager$DisplayChangedRunnable done

Classes unloaded (0 events):
No events

Classes redefined (0 events):
No events

Internal exceptions (20 events):
Event: 0.446 Thread 0x000001db80513cd0 Exception <a 'java/lang/NoSuchMethodError'{0x000000008951be38}: 'void java.lang.invoke.DirectMethodHandle$Holder.invokeSpecial(java.lang.Object, java.lang.Object, java.lang.Object)'> (0x000000008951be38) 
thrown [s\open\src\hotspot\share\interpreter\linkResolver.cpp, line 805]
Event: 0.462 Thread 0x000001db80513cd0 Exception <a 'java/lang/NoSuchMethodError'{0x000000008958c618}: 'java.lang.Object java.lang.invoke.DirectMethodHandle$Holder.newInvokeSpecial(java.lang.Object, java.lang.Object, java.lang.Object, java.lang.Object, java.lang.Object)'> (0x000000008958c618) 
thrown [s\open\src\hotspot\share\interpreter\linkResolver.cpp, line 805]
Event: 0.470 Thread 0x000001db80513cd0 Exception <a 'java/lang/NoSuchMethodError'{0x00000000895f4760}: 'java.lang.Object java.lang.invoke.DirectMethodHandle$Holder.invokeStatic(java.lang.Object, int, java.lang.Object)'> (0x00000000895f4760) 
thrown [s\open\src\hotspot\share\interpreter\linkResolver.cpp, line 805]
Event: 0.513 Thread 0x000001db80513cd0 Exception <a 'java/lang/ClassNotFoundException'{0x00000000892234e0}: com/sun/swing/internal/plaf/metal/resources/spi/metalProvider> (0x00000000892234e0) 
thrown [s\open\src\hotspot\share\classfile\systemDictionary.cpp, line 327]
Event: 0.514 Thread 0x000001db80513cd0 Exception <a 'java/lang/ClassNotFoundException'{0x00000000892271f0}: com/sun/swing/internal/plaf/basic/resources/spi/basicProvider> (0x00000000892271f0) 
thrown [s\open\src\hotspot\share\classfile\systemDictionary.cpp, line 327]
Event: 0.531 Thread 0x000001db80513cd0 Exception <a 'java/lang/NoSuchMethodError'{0x000000008924d050}: 'int java.lang.invoke.Invokers$Holder.invokeExact_MT(java.lang.Object, java.lang.Object)'> (0x000000008924d050) 
thrown [s\open\src\hotspot\share\interpreter\linkResolver.cpp, line 805]
Event: 0.709 Thread 0x000001db80513cd0 Exception <a 'java/lang/NoSuchMethodError'{0x0000000089281b98}: 'void java.lang.invoke.DirectMethodHandle$Holder.invokeStaticInit(java.lang.Object)'> (0x0000000089281b98) 
thrown [s\open\src\hotspot\share\interpreter\linkResolver.cpp, line 805]
Event: 0.740 Thread 0x000001db80513cd0 Exception <a 'java/lang/NoSuchMethodError'{0x00000000890b3468}: 'long java.lang.invoke.DirectMethodHandle$Holder.invokeStaticInit(java.lang.Object, long, long, long, long)'> (0x00000000890b3468) 
thrown [s\open\src\hotspot\share\interpreter\linkResolver.cpp, line 805]
Event: 0.741 Thread 0x000001db80513cd0 Exception <a 'java/lang/NoSuchMethodError'{0x00000000890bbe70}: 'java.lang.Object java.lang.invoke.DirectMethodHandle$Holder.invokeInterface(java.lang.Object, java.lang.Object, long, long)'> (0x00000000890bbe70) 
thrown [s\open\src\hotspot\share\interpreter\linkResolver.cpp, line 805]
Event: 0.742 Thread 0x000001db80513cd0 Exception <a 'java/lang/NoSuchMethodError'{0x00000000890d4748}: 'void java.lang.invoke.DirectMethodHandle$Holder.invokeStaticInit(java.lang.Object, java.lang.Object, long, java.lang.Object)'> (0x00000000890d4748) 
thrown [s\open\src\hotspot\share\interpreter\linkResolver.cpp, line 805]
Event: 0.743 Thread 0x000001db80513cd0 Exception <a 'java/lang/NoSuchMethodError'{0x00000000890dd330}: 'long java.lang.invoke.DirectMethodHandle$Holder.invokeStatic(java.lang.Object, long, long)'> (0x00000000890dd330) 
thrown [s\open\src\hotspot\share\interpreter\linkResolver.cpp, line 805]
Event: 0.749 Thread 0x000001db80513cd0 Exception <a 'java/lang/NoSuchMethodError'{0x0000000088f06f90}: 'java.lang.Object java.lang.invoke.DirectMethodHandle$Holder.newInvokeSpecial(java.lang.Object, int, java.lang.Object)'> (0x0000000088f06f90) 
thrown [s\open\src\hotspot\share\interpreter\linkResolver.cpp, line 805]
Event: 0.809 Thread 0x000001db80513cd0 Exception <a 'java/lang/NoSuchMethodError'{0x0000000088f98b98}: 'void java.lang.invoke.DelegatingMethodHandle$Holder.reinvoke_L(java.lang.Object, java.lang.Object, java.lang.Object, java.lang.Object, long, long, float)'> (0x0000000088f98b98) 
thrown [s\open\src\hotspot\share\interpreter\linkResolver.cpp, line 805]
Event: 0.812 Thread 0x000001db80513cd0 Exception <a 'java/lang/NoSuchMethodError'{0x0000000088fb91e8}: 'java.lang.Object java.lang.invoke.DirectMethodHandle$Holder.invokeStatic(java.lang.Object, java.lang.Object, java.lang.Object, java.lang.Object, java.lang.Object, long)'> (0x0000000088fb91e8) 
thrown [s\open\src\hotspot\share\interpreter\linkResolver.cpp, line 805]
Event: 0.818 Thread 0x000001db80513cd0 Exception <a 'java/lang/NoSuchMethodError'{0x0000000088ffcc60}: 'float java.lang.invoke.DelegatingMethodHandle$Holder.reinvoke_L(java.lang.Object, java.lang.Object, java.lang.Object, java.lang.Object, long, long)'> (0x0000000088ffcc60) 
thrown [s\open\src\hotspot\share\interpreter\linkResolver.cpp, line 805]
Event: 0.879 Thread 0x000001db805267e0 Exception <a 'java/lang/NoSuchMethodError'{0x0000000089790030}: 'void java.lang.invoke.DirectMethodHandle$Holder.invokeVirtual(java.lang.Object, java.lang.Object)'> (0x0000000089790030) 
thrown [s\open\src\hotspot\share\interpreter\linkResolver.cpp, line 805]
Event: 0.927 Thread 0x000001db80ab8e30 Exception <a 'java/lang/NoSuchMethodError'{0x0000000088d00b00}: 'void java.lang.invoke.DirectMethodHandle$Holder.invokeSpecial(java.lang.Object, java.lang.Object, int)'> (0x0000000088d00b00) 
thrown [s\open\src\hotspot\share\interpreter\linkResolver.cpp, line 805]
Event: 0.929 Thread 0x000001db80ab8e30 Exception <a 'java/lang/NoSuchMethodError'{0x0000000088d0f900}: 'java.lang.Object java.lang.invoke.DirectMethodHandle$Holder.newInvokeSpecial(java.lang.Object, java.lang.Object, int)'> (0x0000000088d0f900) 
thrown [s\open\src\hotspot\share\interpreter\linkResolver.cpp, line 805]
Event: 5.043 Thread 0x000001db809b7be0 Implicit null exception at 0x000001dbf345220e to 0x000001dbf345269c
Event: 6.404 Thread 0x000001db80513cd0 Exception <a 'java/lang/NoSuchMethodError'{0x0000000087f88ae0}: 'int java.lang.invoke.DirectMethodHandle$Holder.invokeStatic(java.lang.Object)'> (0x0000000087f88ae0) 
thrown [s\open\src\hotspot\share\interpreter\linkResolver.cpp, line 805]

VM Operations (18 events):
Event: 0.127 Executing VM operation: HandshakeAllThreads (Deoptimize)
Event: 0.127 Executing VM operation: HandshakeAllThreads (Deoptimize) done
Event: 0.539 Executing VM operation: HandshakeAllThreads (Deoptimize)
Event: 0.539 Executing VM operation: HandshakeAllThreads (Deoptimize) done
Event: 0.592 Executing VM operation: HandshakeAllThreads (Deoptimize)
Event: 0.593 Executing VM operation: HandshakeAllThreads (Deoptimize) done
Event: 6.282 Executing VM operation: HandshakeAllThreads (Deoptimize)
Event: 6.282 Executing VM operation: HandshakeAllThreads (Deoptimize) done
Event: 6.314 Executing VM operation: HandshakeAllThreads (Deoptimize)
Event: 6.314 Executing VM operation: HandshakeAllThreads (Deoptimize) done
Event: 60.285 Executing VM operation: HandshakeAllThreads (HandshakeForDeflation)
Event: 60.285 Executing VM operation: HandshakeAllThreads (HandshakeForDeflation) done
Event: 60.286 Executing VM operation: RendezvousGCThreads
Event: 60.286 Executing VM operation: RendezvousGCThreads done
Event: 943.391 Executing VM operation: HandshakeAllThreads (HandshakeForDeflation)
Event: 943.392 Executing VM operation: HandshakeAllThreads (HandshakeForDeflation) done
Event: 943.392 Executing VM operation: RendezvousGCThreads
Event: 943.392 Executing VM operation: RendezvousGCThreads done

Memory protections (0 events):
No events

Nmethod flushes (0 events):
No events

Events (20 events):
Event: 0.168 Thread 0x000001dbe0d55210 Thread added: 0x000001db802ff9b0
Event: 0.219 Thread 0x000001dbe0d55210 Thread added: 0x000001db8035ced0
Event: 0.219 Thread 0x000001dbe0d55210 Thread added: 0x000001db8035d610
Event: 0.346 Thread 0x000001dbe0d55210 Thread added: 0x000001db805e4950
Event: 0.348 Thread 0x000001dbe0d55210 Thread added: 0x000001db80520080
Event: 0.349 Thread 0x000001dbe0d55210 Thread added: 0x000001db805267e0
Event: 0.373 Thread 0x000001dbe0d55210 Thread added: 0x000001db80513cd0
Event: 0.374 Thread 0x000001dbe0d55210 Thread exited: 0x000001dbe0d55210
Event: 0.374 Thread 0x000001dbe0d55210 Thread added: 0x000001dbe0d55210
Event: 0.549 Thread 0x000001db80513cd0 Thread added: 0x000001db809b7be0
Event: 0.602 Thread 0x000001dbffc0e1f0 Thread added: 0x000001db809d7670
Event: 0.602 Thread 0x000001dbffc0e1f0 Thread added: 0x000001db809d7e00
Event: 0.885 Thread 0x000001db80513cd0 Thread added: 0x000001db80ab8e30
Event: 0.981 Thread 0x000001db809d7670 Thread exited: 0x000001db809d7670
Event: 0.981 Thread 0x000001db809d7e00 Thread exited: 0x000001db809d7e00
Event: 5.014 Thread 0x000001db80ab8e30 Thread exited: 0x000001db80ab8e30
Event: 5.103 Thread 0x000001db80513cd0 Thread added: 0x000001db80d12010
Event: 6.416 Thread 0x000001db80513cd0 Thread added: 0x000001dbc71c9bd0
Event: 20.800 Thread 0x000001db80d12010 Thread exited: 0x000001db80d12010
Event: 20.807 Thread 0x000001db809b7be0 Thread exited: 0x000001db809b7be0


Dynamic libraries:
0x00007ff6be570000 - 0x00007ff6be580000 	C:\Program Files\Java\jdk-24\bin\java.exe
0x00007ffd617e0000 - 0x00007ffd61a46000 	C:\Windows\SYSTEM32\ntdll.dll
0x00007ffd5fee0000 - 0x00007ffd5ffa9000 	C:\Windows\System32\KERNEL32.DLL
0x00007ffd5ea10000 - 0x00007ffd5eddc000 	C:\Windows\System32\KERNELBASE.dll
0x00007ffd5f450000 - 0x00007ffd5f59b000 	C:\Windows\System32\ucrtbase.dll
0x00007ffd595f0000 - 0x00007ffd5960b000 	C:\Program Files\Java\jdk-24\bin\VCRUNTIME140.dll
0x00007ffd58af0000 - 0x00007ffd58b06000 	C:\Program Files\Java\jdk-24\bin\jli.dll
0x00007ffd606d0000 - 0x00007ffd6089a000 	C:\Windows\System32\USER32.dll
0x00007ffd45150000 - 0x00007ffd453ea000 	C:\Windows\WinSxS\amd64_microsoft.windows.common-controls_6595b64144ccf1df_6.0.26100.3912_none_3e07963ce335137e\COMCTL32.dll
0x00007ffd5f150000 - 0x00007ffd5f177000 	C:\Windows\System32\win32u.dll
0x00007ffd61260000 - 0x00007ffd61309000 	C:\Windows\System32\msvcrt.dll
0x00007ffd60570000 - 0x00007ffd6059b000 	C:\Windows\System32\GDI32.dll
0x00007ffd5ee90000 - 0x00007ffd5efc2000 	C:\Windows\System32\gdi32full.dll
0x00007ffd5ede0000 - 0x00007ffd5ee83000 	C:\Windows\System32\msvcp_win.dll
0x00007ffd5fc80000 - 0x00007ffd5fcb0000 	C:\Windows\System32\IMM32.DLL
0x00007ffd5b480000 - 0x00007ffd5b48c000 	C:\Program Files\Java\jdk-24\bin\vcruntime140_1.dll
0x00007ffd44330000 - 0x00007ffd443be000 	C:\Program Files\Java\jdk-24\bin\msvcp140.dll
0x00007ffd18bd0000 - 0x00007ffd19972000 	C:\Program Files\Java\jdk-24\bin\server\jvm.dll
0x00007ffd5f720000 - 0x00007ffd5f7d2000 	C:\Windows\System32\ADVAPI32.dll
0x00007ffd5fd10000 - 0x00007ffd5fdb6000 	C:\Windows\System32\sechost.dll
0x00007ffd60450000 - 0x00007ffd60566000 	C:\Windows\System32\RPCRT4.dll
0x00007ffd5f6a0000 - 0x00007ffd5f714000 	C:\Windows\System32\WS2_32.dll
0x00007ffd566c0000 - 0x00007ffd566cb000 	C:\Windows\SYSTEM32\VERSION.dll
0x00007ffd5ddc0000 - 0x00007ffd5de1e000 	C:\Windows\SYSTEM32\POWRPROF.dll
0x00007ffd47860000 - 0x00007ffd47896000 	C:\Windows\SYSTEM32\WINMM.dll
0x00007ffd5dda0000 - 0x00007ffd5ddb4000 	C:\Windows\SYSTEM32\UMPDC.dll
0x00007ffd5d6f0000 - 0x00007ffd5d70a000 	C:\Windows\SYSTEM32\kernel.appcore.dll
0x00007ffd5b460000 - 0x00007ffd5b46a000 	C:\Program Files\Java\jdk-24\bin\jimage.dll
0x00007ffd5c050000 - 0x00007ffd5c291000 	C:\Windows\SYSTEM32\DBGHELP.DLL
0x00007ffd5f7e0000 - 0x00007ffd5fb64000 	C:\Windows\System32\combase.dll
0x00007ffd5fb70000 - 0x00007ffd5fc50000 	C:\Windows\System32\OLEAUT32.dll
0x00007ffd3d170000 - 0x00007ffd3d1a9000 	C:\Windows\SYSTEM32\dbgcore.DLL
0x00007ffd5e970000 - 0x00007ffd5ea09000 	C:\Windows\System32\bcryptPrimitives.dll
0x00007ffd5b3e0000 - 0x00007ffd5b3ef000 	C:\Program Files\Java\jdk-24\bin\instrument.dll
0x00007ffd48680000 - 0x00007ffd4869e000 	C:\Program Files\Java\jdk-24\bin\java.dll
0x00007ffd601a0000 - 0x00007ffd6033f000 	C:\Windows\System32\ole32.dll
0x00007ffd60b30000 - 0x00007ffd6125d000 	C:\Windows\System32\SHELL32.dll
0x00007ffd5f180000 - 0x00007ffd5f2f4000 	C:\Windows\System32\wintypes.dll
0x00007ffd5c5c0000 - 0x00007ffd5ce16000 	C:\Windows\SYSTEM32\windows.storage.dll
0x00007ffd60350000 - 0x00007ffd6043f000 	C:\Windows\System32\SHCORE.dll
0x00007ffd60120000 - 0x00007ffd60189000 	C:\Windows\System32\shlwapi.dll
0x00007ffd5e880000 - 0x00007ffd5e8af000 	C:\Windows\SYSTEM32\profapi.dll
0x00007ffd44100000 - 0x00007ffd441d7000 	C:\Program Files\Java\jdk-24\bin\jsvml.dll
0x00007ffd471e0000 - 0x00007ffd471f7000 	C:\Program Files\Java\jdk-24\bin\zip.dll
0x00007ffd595e0000 - 0x00007ffd595f0000 	C:\Program Files\Java\jdk-24\bin\net.dll
0x00007ffd5dcb0000 - 0x00007ffd5dd1a000 	C:\Windows\system32\mswsock.dll
0x00007ffd48640000 - 0x00007ffd48656000 	C:\Program Files\Java\jdk-24\bin\nio.dll
0x00007ffd57f60000 - 0x00007ffd57f69000 	C:\Program Files\Java\jdk-24\bin\extnet.dll
0x00007ffd1d560000 - 0x00007ffd1d6df000 	C:\Program Files\Java\jdk-24\bin\awt.dll
0x00007ffd5b500000 - 0x00007ffd5b59e000 	C:\Windows\SYSTEM32\apphelp.dll
0x00007ffd5b6d0000 - 0x00007ffd5b77f000 	C:\Windows\system32\uxtheme.dll
0x00007ffd5ffb0000 - 0x00007ffd6010f000 	C:\Windows\System32\MSCTF.dll
0x00007ffd5ba60000 - 0x00007ffd5ba96000 	C:\Windows\system32\DWMAPI.DLL
0x00007ffd2e500000 - 0x00007ffd2e60c000 	C:\Windows\system32\opengl32.dll
0x00007ffd2f1c0000 - 0x00007ffd2f1ed000 	C:\Windows\SYSTEM32\GLU32.dll
0x00007ffd5b8b0000 - 0x00007ffd5b8f7000 	C:\Windows\SYSTEM32\dxcore.dll
0x00007ffd1dbc0000 - 0x00007ffd1dc47000 	C:\Program Files\Java\jdk-24\bin\freetype.dll
0x00007ffd1d760000 - 0x00007ffd1d837000 	C:\Program Files\Java\jdk-24\bin\fontmanager.dll
0x00007ffd45fa0000 - 0x00007ffd460ed000 	C:\Windows\SYSTEM32\textinputframework.dll
0x00007ffd5b0f0000 - 0x00007ffd5b216000 	C:\Windows\SYSTEM32\CoreMessaging.dll
0x00007ffd563d0000 - 0x00007ffd566b3000 	C:\Windows\SYSTEM32\CoreUIComponents.dll
0x00007ffd5df90000 - 0x00007ffd5df9c000 	C:\Windows\SYSTEM32\CRYPTBASE.DLL
0x00007ffd608a0000 - 0x00007ffd60948000 	C:\Windows\System32\clbcatq.dll
0x00007ffd59870000 - 0x00007ffd59aaa000 	C:\Windows\SYSTEM32\WindowsCodecs.dll
0x00007ffd2bc50000 - 0x00007ffd2bcaa000 	C:\Windows\system32\dataexchange.dll
0x00007ffd50cf0000 - 0x00007ffd50f2c000 	C:\Windows\system32\twinapi.appcore.dll

JVMTI agents:
C:\Program Files\JetBrains\IntelliJ IDEA Community Edition 2025.1.1.1\lib\idea_rt.jar path:C:\Program Files\Java\jdk-24\bin\instrument.dll, loaded, initialized, instrumentlib options:52412

dbghelp: loaded successfully - version: 4.0.5 - missing functions: none
symbol engine: initialized successfully - sym options: 0x614 - pdb path: .;C:\Program Files\Java\jdk-24\bin;C:\Windows\SYSTEM32;C:\Windows\WinSxS\amd64_microsoft.windows.common-controls_6595b64144ccf1df_6.0.26100.3912_none_3e07963ce335137e;C:\Program Files\Java\jdk-24\bin\server

VM Arguments:
jvm_args: -javaagent:C:\Program Files\JetBrains\IntelliJ IDEA Community Edition 2025.1.1.1\lib\idea_rt.jar=52412 -Dfile.encoding=UTF-8 -Dsun.stdout.encoding=UTF-8 -Dsun.stderr.encoding=UTF-8 
java_command: LandingPage
java_class_path (initial): C:\Users\jerma\IdeaProjects\HospitalManagementSystem\out\production\HospitalManagementSystem;C:\Users\jerma\.m2\repository\com\mysql\mysql-connector-j\8.0.33\mysql-connector-j-8.0.33.jar;C:\Users\jerma\.m2\repository\com\google\protobuf\protobuf-java\3.21.9\protobuf-java-3.21.9.jar;C:\Users\jerma\Downloads\jdatepicker-1.3.4.jar;C:\Users\jerma\Downloads\jcalendar-1.4.jar;C:\Users\jerma\Downloads\jfreechart-1.0.19.jar;C:\Users\jerma\Downloads\jcommon-1.0.23.jar
Launcher Type: SUN_STANDARD

[Global flags]
     intx CICompilerCount                          = 4                                         {product} {ergonomic}
     uint ConcGCThreads                            = 2                                         {product} {ergonomic}
     uint G1ConcRefinementThreads                  = 8                                         {product} {ergonomic}
   size_t G1HeapRegionSize                         = 1048576                                   {product} {ergonomic}
   size_t InitialHeapSize                          = 134217728                                 {product} {ergonomic}
   size_t MarkStackSize                            = 4194304                                   {product} {ergonomic}
   size_t MarkStackSizeMax                         = 536870912                                 {product} {ergonomic}
   size_t MaxHeapSize                              = 2118123520                                {product} {ergonomic}
   size_t MaxNewSize                               = 1270874112                                {product} {ergonomic}
   size_t MinHeapDeltaBytes                        = 1048576                                   {product} {ergonomic}
   size_t MinHeapSize                              = 8388608                                   {product} {ergonomic}
    uintx NonNMethodCodeHeapSize                   = 5832704                                {pd product} {ergonomic}
    uintx NonProfiledCodeHeapSize                  = 122945536                              {pd product} {ergonomic}
    uintx ProfiledCodeHeapSize                     = 122880000                              {pd product} {ergonomic}
    uintx ReservedCodeCacheSize                    = 251658240                              {pd product} {ergonomic}
     bool SegmentedCodeCache                       = true                                      {product} {ergonomic}
   size_t SoftMaxHeapSize                          = 2118123520                             {manageable} {ergonomic}
     bool UseCompressedOops                        = true                           {product lp64_product} {ergonomic}
     bool UseG1GC                                  = true                                      {product} {ergonomic}
     bool UseLargePagesIndividualAllocation        = false                                  {pd product} {ergonomic}

Logging:
Log output configuration:
 #0: stdout all=warning uptime,level,tags foldmultilines=false
 #1: stderr all=off uptime,level,tags foldmultilines=false

Environment Variables:
PATH=C:\Program Files\Common Files\Oracle\Java\javapath;C:\Windows\system32;C:\Windows;C:\Windows\System32\Wbem;C:\Windows\System32\WindowsPowerShell\v1.0\;C:\Windows\System32\OpenSSH\;C:\Program Files\MySQL\MySQL Server 8.0\bin;C:\Program Files\Java\jdk-24\bin;C:\Program Files\dotnet\;C:\Users\jerma\AppData\Local\Microsoft\WindowsApps;C:\Users\jerma\AppData\Local\Programs\Microsoft VS Code\bin
USERNAME=jerma
OS=Windows_NT
PROCESSOR_IDENTIFIER=Intel64 Family 6 Model 142 Stepping 11, GenuineIntel
TMP=C:\Users\jerma\AppData\Local\Temp
TEMP=C:\Users\jerma\AppData\Local\Temp




Periodic native trim disabled

---------------  S Y S T E M  ---------------

OS:
 Windows 11 , 64 bit Build 26100 (10.0.26100.3912)
OS uptime: 6 days 2:36 hours
Hyper-V role detected

CPU: total 8 (initial active 8) (4 cores per cpu, 2 threads per core) family 6 model 142 stepping 11 microcode 0xf4, cx8, cmov, fxsr, ht, mmx, 3dnowpref, sse, sse2, sse3, ssse3, sse4.1, sse4.2, popcnt, lzcnt, tsc, tscinvbit, avx, avx2, aes, erms, clmul, bmi1, bmi2, adx, fma, vzeroupper, clflush, clflushopt, hv, rdtscp, f16c
Processor Information for the first 8 processors :
  Max Mhz: 1800, Current Mhz: 1600, Mhz Limit: 1584

Memory: 4k page, system-wide physical 8072M (610M free)
TotalPageFile size 21808M (AvailPageFile size 2107M)
current process WorkingSet (physical memory assigned to process): 37M, peak: 124M
current process commit charge ("private bytes"): 232M, peak: 254M

vm_info: Java HotSpot(TM) 64-Bit Server VM (24.0.1+9-30) for windows-amd64 JRE (24.0.1+9-30), built on 2025-03-05T07:23:45Z with MS VC++ 17.6 (VS2022)

END.
